<?xml version="1.0" encoding="UTF-8"?>
<!-- Generated by org.testng.reporters.JUnitReportReporter -->
<testsuite hostname="FUJINLUAN" name="meidianMaven.meidianMaven.meidianTest" tests="1" failures="0" timestamp="2 May 2018 09:32:52 GMT" time="0.008" errors="0">
  <testcase name="fanli1" time="0.008" classname="meidianMaven.meidianMaven.meidianTest"/>
</testsuite> <!-- meidianMaven.meidianMaven.meidianTest -->
