<?xml version="1.0" encoding="UTF-8"?>
<!-- Generated by org.testng.reporters.JUnitReportReporter -->
<testsuite hostname="FUJINLUAN" name="meibanStaffChannel.channelModifyNotice" tests="10" failures="0"
           timestamp="4 Jan 2018 03:15:13 GMT" time="1.251" errors="0">
    <testcase name="channelModifyNotice2" time="0.043" classname="meibanStaffChannel.channelModifyNotice"/>
    <testcase name="channelModifyNotice7" time="0.073" classname="meibanStaffChannel.channelModifyNotice"/>
    <testcase name="channelModifyNotice3" time="0.040" classname="meibanStaffChannel.channelModifyNotice"/>
    <testcase name="channelModifyNotice1" time="0.087" classname="meibanStaffChannel.channelModifyNotice"/>
    <testcase name="channelModifyNotice8" time="0.194" classname="meibanStaffChannel.channelModifyNotice"/>
    <testcase name="channelModifyNotice5" time="0.066" classname="meibanStaffChannel.channelModifyNotice"/>
    <testcase name="channelModifyNotice9" time="0.175" classname="meibanStaffChannel.channelModifyNotice"/>
    <testcase name="channelModifyNotice4" time="0.043" classname="meibanStaffChannel.channelModifyNotice"/>
    <testcase name="channelModifyNotice6" time="0.043" classname="meibanStaffChannel.channelModifyNotice"/>
    <testcase name="channelModifyNotice0" time="0.487" classname="meibanStaffChannel.channelModifyNotice"/>
</testsuite> <!-- meibanStaffChannel.channelModifyNotice -->
