<?xml version="1.0" encoding="UTF-8"?>
<!-- Generated by org.testng.reporters.JUnitReportReporter -->
<testsuite hostname="FUJINLUAN" name="meibanPCAddressList.favDept_list" tests="2" failures="0"
           timestamp="9 Jan 2018 08:14:12 GMT" time="0.268" errors="0">
    <testcase name="favDept_list1" time="0.250" classname="meibanPCAddressList.favDept_list"/>
    <testcase name="favDept_list2" time="0.018" classname="meibanPCAddressList.favDept_list"/>
</testsuite> <!-- meibanPCAddressList.favDept_list -->
