<?xml version="1.0" encoding="UTF-8"?>
<!-- Generated by org.testng.reporters.JUnitReportReporter -->
<testsuite hostname="FUJINLUAN" name="meibanStaffChannel.channelMemberList" tests="6" failures="1"
           timestamp="4 Jan 2018 08:11:27 GMT" time="1.231" errors="0">
    <testcase name="MemberList4" time="0.037" classname="meibanStaffChannel.channelMemberList"/>
    <testcase name="MemberList2" time="0.065" classname="meibanStaffChannel.channelMemberList"/>
    <testcase name="MemberList1" time="0.084" classname="meibanStaffChannel.channelMemberList"/>
    <testcase name="MemberList" time="0.942" classname="meibanStaffChannel.channelMemberList"/>
    <testcase name="MemberList3" time="0.038" classname="meibanStaffChannel.channelMemberList"/>
    <testcase name="MemberList5" time="0.065" classname="meibanStaffChannel.channelMemberList">
        <failure type="java.lang.AssertionError" message="10500 StateMessage:System error">
            <![CDATA[java.lang.AssertionError: 10500 StateMessage:System error
	at org.testng.Assert.fail(Assert.java:94)
	at org.testng.Assert.assertNotEquals(Assert.java:930)
	at meibanStaffChannel.channelMemberList.MemberList5(channelMemberList.java:98)
	at sun.reflect.NativeMethodAccessorImpl.invoke0(Native Method)
	at sun.reflect.NativeMethodAccessorImpl.invoke(NativeMethodAccessorImpl.java:57)
	at sun.reflect.DelegatingMethodAccessorImpl.invoke(DelegatingMethodAccessorImpl.java:43)
	at java.lang.reflect.Method.invoke(Method.java:606)
	at org.testng.internal.MethodInvocationHelper.invokeMethod(MethodInvocationHelper.java:85)
	at org.testng.internal.Invoker.invokeMethod(Invoker.java:639)
	at org.testng.internal.Invoker.invokeTestMethod(Invoker.java:816)
	at org.testng.internal.Invoker.invokeTestMethods(Invoker.java:1124)
	at org.testng.internal.TestMethodWorker.invokeTestMethods(TestMethodWorker.java:125)
	at org.testng.internal.TestMethodWorker.run(TestMethodWorker.java:108)
	at org.testng.TestRunner.privateRun(TestRunner.java:774)
	at org.testng.TestRunner.run(TestRunner.java:624)
	at org.testng.SuiteRunner.runTest(SuiteRunner.java:359)
	at org.testng.SuiteRunner.runSequentially(SuiteRunner.java:354)
	at org.testng.SuiteRunner.privateRun(SuiteRunner.java:312)
	at org.testng.SuiteRunner.run(SuiteRunner.java:261)
	at org.testng.SuiteRunnerWorker.runSuite(SuiteRunnerWorker.java:52)
	at org.testng.SuiteRunnerWorker.run(SuiteRunnerWorker.java:86)
	at org.testng.TestNG.runSuitesSequentially(TestNG.java:1191)
	at org.testng.TestNG.runSuitesLocally(TestNG.java:1116)
	at org.testng.TestNG.run(TestNG.java:1024)
	at org.testng.remote.RemoteTestNG.run(RemoteTestNG.java:112)
	at org.testng.remote.RemoteTestNG.initAndRun(RemoteTestNG.java:205)
	at org.testng.remote.RemoteTestNG.main(RemoteTestNG.java:176)
]]>
        </failure>
    </testcase> <!-- MemberList5 -->
</testsuite> <!-- meibanStaffChannel.channelMemberList -->
