<?xml version="1.0" encoding="UTF-8"?>
<!-- Generated by org.testng.reporters.JUnitReportReporter -->
<testsuite hostname="FUJINLUAN" name="meibanPCAddressList.staffDetail" tests="2" failures="0"
           timestamp="9 Jan 2018 06:41:17 GMT" time="0.152" errors="0">
    <testcase name="staffDetail2" time="0.019" classname="meibanPCAddressList.staffDetail"/>
    <testcase name="staffDetail1" time="0.133" classname="meibanPCAddressList.staffDetail"/>
</testsuite> <!-- meibanPCAddressList.staffDetail -->
