<?xml version="1.0" encoding="UTF-8"?>
<!-- Generated by org.testng.reporters.JUnitReportReporter -->
<testsuite hostname="FUJINLUAN" name="meibanStaffChannel.receiveCommonMsg" tests="7" failures="0"
           timestamp="5 Jan 2018 06:01:23 GMT" time="1.475" errors="0">
    <testcase name="receiveCommonMsg3" time="0.054" classname="meibanStaffChannel.receiveCommonMsg"/>
    <testcase name="receiveCommonMsg1" time="1.191" classname="meibanStaffChannel.receiveCommonMsg"/>
    <testcase name="receiveCommonMsg4" time="0.047" classname="meibanStaffChannel.receiveCommonMsg"/>
    <testcase name="receiveCommonMsg5" time="0.023" classname="meibanStaffChannel.receiveCommonMsg"/>
    <testcase name="receiveCommonMsg6" time="0.022" classname="meibanStaffChannel.receiveCommonMsg"/>
    <testcase name="receiveCommonMsg7" time="0.020" classname="meibanStaffChannel.receiveCommonMsg"/>
    <testcase name="receiveCommonMsg2" time="0.118" classname="meibanStaffChannel.receiveCommonMsg"/>
</testsuite> <!-- meibanStaffChannel.receiveCommonMsg -->
