<?xml version="1.0" encoding="UTF-8"?>
<!-- Generated by org.testng.reporters.JUnitReportReporter -->
<testsuite hostname="FUJINLUAN" name="meibanStaffChannel.channelMyLight" tests="1" failures="0"
           timestamp="4 Jan 2018 08:02:50 GMT" time="0.401" errors="0">
    <testcase name="channelMyLight3" time="0.401" classname="meibanStaffChannel.channelMyLight"/>
</testsuite> <!-- meibanStaffChannel.channelMyLight -->
