<?xml version="1.0" encoding="UTF-8"?>
<!-- Generated by org.testng.reporters.JUnitReportReporter -->
<testsuite hostname="FUJINLUAN" name="meibanStaffChannel.addSpecialStaffsAndResult" tests="1" failures="0"
           timestamp="5 Jan 2018 08:16:42 GMT" time="0.295" errors="0">
    <testcase name="addSpecialStaffsAndResult3" time="0.295" classname="meibanStaffChannel.addSpecialStaffsAndResult"/>
</testsuite> <!-- meibanStaffChannel.addSpecialStaffsAndResult -->
