<?xml version="1.0" encoding="UTF-8"?>
<!-- Generated by org.testng.reporters.JUnitReportReporter -->
<testsuite hostname="FUJINLUAN" name="meibanAddressList.ImportStaff" tests="1" failures="0"
           timestamp="8 Jan 2018 08:50:17 GMT" time="0.444" errors="0">
    <testcase name="importStaff" time="0.444" classname="meibanAddressList.ImportStaff"/>
</testsuite> <!-- meibanAddressList.ImportStaff -->
