<?xml version="1.0" encoding="UTF-8"?>
<!-- Generated by org.testng.reporters.JUnitReportReporter -->
<testsuite hostname="FUJINLUAN" name="meibanPCAddressList.favSave_staff" tests="5" failures="0"
           timestamp="9 Jan 2018 07:58:33 GMT" time="0.345" errors="0">
    <testcase name="favSave_staff2" time="0.037" classname="meibanPCAddressList.favSave_staff"/>
    <testcase name="favSave_staff3" time="0.043" classname="meibanPCAddressList.favSave_staff"/>
    <testcase name="favSave_staff4" time="0.034" classname="meibanPCAddressList.favSave_staff"/>
    <testcase name="favDelete_staff1" time="0.164" classname="meibanPCAddressList.favSave_staff"/>
    <testcase name="favSave_staff1" time="0.067" classname="meibanPCAddressList.favSave_staff"/>
</testsuite> <!-- meibanPCAddressList.favSave_staff -->
