<?xml version="1.0" encoding="UTF-8"?>
<!-- Generated by org.testng.reporters.JUnitReportReporter -->
<testsuite hostname="FUJINLUAN" name="meibanInterface.meibanTest" tests="1" failures="0"
           timestamp="14 Jul 2017 03:25:27 GMT" time="0.012" errors="0">
    <testcase name="f" time="0.012" classname="meibanInterface.meibanTest"/>
</testsuite> <!-- meibanInterface.meibanTest -->
