<?xml version="1.0" encoding="UTF-8"?>
<!-- Generated by org.testng.reporters.JUnitReportReporter -->
<testsuite hostname="FUJINLUAN" name="meibanPCAddressList.staffList" tests="6" failures="0"
           timestamp="9 Jan 2018 03:20:12 GMT" time="2.516" errors="0">
    <testcase name="staffList1" time="1.124" classname="meibanPCAddressList.staffList"/>
    <testcase name="staffList4" time="0.092" classname="meibanPCAddressList.staffList"/>
    <testcase name="staffList2" time="0.855" classname="meibanPCAddressList.staffList"/>
    <testcase name="staffList6" time="0.019" classname="meibanPCAddressList.staffList"/>
    <testcase name="staffList3" time="0.079" classname="meibanPCAddressList.staffList"/>
    <testcase name="staffList5" time="0.347" classname="meibanPCAddressList.staffList"/>
</testsuite> <!-- meibanPCAddressList.staffList -->
