<?xml version="1.0" encoding="UTF-8"?>
<!-- Generated by org.testng.reporters.JUnitReportReporter -->
<testsuite hostname="FUJINLUAN" name="meibanPCAddressList.favStaff_list" tests="2" failures="0"
           timestamp="9 Jan 2018 07:14:52 GMT" time="0.156" errors="0">
    <testcase name="favStaff_list1" time="0.136" classname="meibanPCAddressList.favStaff_list"/>
    <testcase name="favStaff_list2" time="0.020" classname="meibanPCAddressList.favStaff_list"/>
</testsuite> <!-- meibanPCAddressList.favStaff_list -->
