<?xml version="1.0" encoding="UTF-8"?>
<!-- Generated by org.testng.reporters.JUnitReportReporter -->
<testsuite hostname="FUJINLUAN" name="meibanPCAddressList.deptList" tests="4" failures="0"
           timestamp="4 Jan 2018 02:54:49 GMT" time="1.039" errors="0">
    <testcase name="deptList4" time="0.044" classname="meibanPCAddressList.deptList"/>
    <testcase name="deptList1" time="0.824" classname="meibanPCAddressList.deptList"/>
    <testcase name="deptList3" time="0.066" classname="meibanPCAddressList.deptList"/>
    <testcase name="deptList2" time="0.105" classname="meibanPCAddressList.deptList"/>
</testsuite> <!-- meibanPCAddressList.deptList -->
