<?xml version="1.0" encoding="UTF-8"?>
<!-- Generated by org.testng.reporters.JUnitReportReporter -->
<testsuite hostname="FUJINLUAN" name="meibanInterface.meibanTestNg.testNG" tests="1" failures="0"
           timestamp="14 Jul 2017 06:42:15 GMT" time="1.136" errors="0">
    <testcase name="f" time="1.136" classname="meibanInterface.meibanTestNg.testNG"/>
</testsuite> <!-- meibanInterface.meibanTestNg.testNG -->
