<?xml version="1.0" encoding="UTF-8"?>
<!-- Generated by org.testng.reporters.JUnitReportReporter -->
<testsuite hostname="FUJINLUAN" name="meibanStaffChannel.channelModifyDesc" tests="10" failures="0"
           timestamp="4 Jan 2018 03:48:01 GMT" time="1.193" errors="0">
    <testcase name="channelModifyDesc2" time="0.071" classname="meibanStaffChannel.channelModifyDesc"/>
    <testcase name="channelModifyDesc0" time="0.413" classname="meibanStaffChannel.channelModifyDesc"/>
    <testcase name="channelModifyDesc8" time="0.230" classname="meibanStaffChannel.channelModifyDesc"/>
    <testcase name="channelModifyDesc1" time="0.072" classname="meibanStaffChannel.channelModifyDesc"/>
    <testcase name="channelModifyDesc5" time="0.081" classname="meibanStaffChannel.channelModifyDesc"/>
    <testcase name="channelModifyDesc3" time="0.041" classname="meibanStaffChannel.channelModifyDesc"/>
    <testcase name="channelModifyDesc4" time="0.043" classname="meibanStaffChannel.channelModifyDesc"/>
    <testcase name="channelModifyDesc9" time="0.136" classname="meibanStaffChannel.channelModifyDesc"/>
    <testcase name="channelModifyDesc6" time="0.041" classname="meibanStaffChannel.channelModifyDesc"/>
    <testcase name="channelModifyDesc7" time="0.065" classname="meibanStaffChannel.channelModifyDesc"/>
</testsuite> <!-- meibanStaffChannel.channelModifyDesc -->
