<?xml version="1.0" encoding="UTF-8"?>
<!-- Generated by org.testng.reporters.JUnitReportReporter -->
<testsuite hostname="FUJINLUAN" name="meibanStaffChannel.channelTop" tests="7" failures="1"
           timestamp="4 Jan 2018 07:12:05 GMT" time="0.853" errors="0">
    <testcase name="channelTop2" time="0.043" classname="meibanStaffChannel.channelTop"/>
    <testcase name="channelTop6" time="0.041" classname="meibanStaffChannel.channelTop"/>
    <testcase name="channelTop3" time="0.040" classname="meibanStaffChannel.channelTop"/>
    <testcase name="channelTop1" time="0.095" classname="meibanStaffChannel.channelTop"/>
    <testcase name="channelTop4" time="0.041" classname="meibanStaffChannel.channelTop"/>
    <testcase name="channelTop0" time="0.387" classname="meibanStaffChannel.channelTop"/>
    <testcase name="channelTop5" time="0.206" classname="meibanStaffChannel.channelTop">
        <failure type="java.lang.AssertionError" message="10500 StateMessage:System error">
            <![CDATA[java.lang.AssertionError: 10500 StateMessage:System error
	at org.testng.Assert.fail(Assert.java:94)
	at org.testng.Assert.assertNotEquals(Assert.java:930)
	at meibanStaffChannel.channelTop.channelTop5(channelTop.java:97)
	at sun.reflect.NativeMethodAccessorImpl.invoke0(Native Method)
	at sun.reflect.NativeMethodAccessorImpl.invoke(NativeMethodAccessorImpl.java:57)
	at sun.reflect.DelegatingMethodAccessorImpl.invoke(DelegatingMethodAccessorImpl.java:43)
	at java.lang.reflect.Method.invoke(Method.java:606)
	at org.testng.internal.MethodInvocationHelper.invokeMethod(MethodInvocationHelper.java:85)
	at org.testng.internal.Invoker.invokeMethod(Invoker.java:639)
	at org.testng.internal.Invoker.invokeTestMethod(Invoker.java:816)
	at org.testng.internal.Invoker.invokeTestMethods(Invoker.java:1124)
	at org.testng.internal.TestMethodWorker.invokeTestMethods(TestMethodWorker.java:125)
	at org.testng.internal.TestMethodWorker.run(TestMethodWorker.java:108)
	at org.testng.TestRunner.privateRun(TestRunner.java:774)
	at org.testng.TestRunner.run(TestRunner.java:624)
	at org.testng.SuiteRunner.runTest(SuiteRunner.java:359)
	at org.testng.SuiteRunner.runSequentially(SuiteRunner.java:354)
	at org.testng.SuiteRunner.privateRun(SuiteRunner.java:312)
	at org.testng.SuiteRunner.run(SuiteRunner.java:261)
	at org.testng.SuiteRunnerWorker.runSuite(SuiteRunnerWorker.java:52)
	at org.testng.SuiteRunnerWorker.run(SuiteRunnerWorker.java:86)
	at org.testng.TestNG.runSuitesSequentially(TestNG.java:1191)
	at org.testng.TestNG.runSuitesLocally(TestNG.java:1116)
	at org.testng.TestNG.run(TestNG.java:1024)
	at org.testng.remote.RemoteTestNG.run(RemoteTestNG.java:112)
	at org.testng.remote.RemoteTestNG.initAndRun(RemoteTestNG.java:205)
	at org.testng.remote.RemoteTestNG.main(RemoteTestNG.java:176)
]]>
        </failure>
    </testcase> <!-- channelTop5 -->
</testsuite> <!-- meibanStaffChannel.channelTop -->
