<?xml version="1.0" encoding="UTF-8"?>
<!-- Generated by org.testng.reporters.JUnitReportReporter -->
<testsuite hostname="FUJINLUAN" name="meibanStaffChannel.channelDetail" tests="6" failures="0"
           timestamp="4 Jan 2018 08:37:40 GMT" time="0.713" errors="0">
    <testcase name="channelDetail2" time="0.049" classname="meibanStaffChannel.channelDetail"/>
    <testcase name="channelDetail3" time="0.044" classname="meibanStaffChannel.channelDetail"/>
    <testcase name="channelDetail5" time="0.040" classname="meibanStaffChannel.channelDetail"/>
    <testcase name="channelDetail6" time="0.091" classname="meibanStaffChannel.channelDetail"/>
    <testcase name="channelDetail1" time="0.432" classname="meibanStaffChannel.channelDetail"/>
    <testcase name="channelDetail4" time="0.057" classname="meibanStaffChannel.channelDetail"/>
</testsuite> <!-- meibanStaffChannel.channelDetail -->
