<?xml version="1.0" encoding="UTF-8"?>
<!-- Generated by org.testng.reporters.JUnitReportReporter -->
<testsuite hostname="FUJINLUAN" name="meibanPCAddressList.favDelete_staff" tests="1" failures="0"
           timestamp="9 Jan 2018 07:57:13 GMT" time="0.255" errors="0">
    <testcase name="favDelete_staff1" time="0.255" classname="meibanPCAddressList.favDelete_staff"/>
</testsuite> <!-- meibanPCAddressList.favDelete_staff -->
