<?xml version="1.0" encoding="UTF-8"?>
<!-- Generated by org.testng.reporters.JUnitReportReporter -->
<testsuite hostname="FUJINLUAN" name="meibanUserFindPassword.channelUpdateAdmin" tests="1" failures="0"
           timestamp="5 Jan 2018 09:03:30 GMT" time="0.275" errors="0">
    <testcase name="channelUpdateAdmin4" time="0.275" classname="meibanUserFindPassword.channelUpdateAdmin"/>
</testsuite> <!-- meibanUserFindPassword.channelUpdateAdmin -->
